<?xml version="1.0" encoding="UTF-8"?>
<testsuite name="TddUsingGeneric" tests="1" skipped="0" failures="0" errors="0" timestamp="2020-11-08T13:26:35" hostname="DESKTOP-IGIGSJS" time="0.008">
  <properties/>
  <testcase name="FirstFloatValueShouldNotReturnFirstValueAsMaximum" classname="TddUsingGeneric" time="0.008"/>
  <system-out><![CDATA[]]></system-out>
  <system-err><![CDATA[]]></system-err>
</testsuite>
