<?xml version="1.0" encoding="UTF-8"?>
<testsuite name="TddUsingGeneric" tests="1" skipped="0" failures="0" errors="0" timestamp="2020-11-08T15:35:17" hostname="DESKTOP-IGIGSJS" time="0.015">
  <properties/>
  <testcase name="First_Result_Should_Return_First_Maximum" classname="TddUsingGeneric" time="0.015"/>
  <system-out><![CDATA[1
3
5
7
9
Maximum Value of an array is9
]]></system-out>
  <system-err><![CDATA[]]></system-err>
</testsuite>
